[     218ms] [INFO] %cDownload the React DevTools for a better development experience: https://react.dev/link/react-devtools font-weight:bold @ http://localhost:3000/_next/static/chunks/0rh9_next_dist_02s20-w._.js:1073
[     279ms] [LOG] [HMR] connected @ http://localhost:3000/_next/static/chunks/0rh9_next_dist_02s20-w._.js:1073
[   43206ms] [LOG] [Fast Refresh] rebuilding @ http://localhost:3000/_next/static/chunks/0rh9_next_dist_02s20-w._.js:1073
[   43335ms] [LOG] [Fast Refresh] done in 240ms @ http://localhost:3000/_next/static/chunks/0rh9_next_dist_02s20-w._.js:1073
[  117272ms] [LOG] [Fast Refresh] rebuilding @ http://localhost:3000/_next/static/chunks/0rh9_next_dist_02s20-w._.js:1073
[  117279ms] [LOG] [Fast Refresh] done in 114ms @ http://localhost:3000/_next/static/chunks/0rh9_next_dist_02s20-w._.js:1073
[  287857ms] [LOG] [Fast Refresh] rebuilding @ http://localhost:3000/_next/static/chunks/0rh9_next_dist_02s20-w._.js:1073
[  290120ms] [LOG] [Fast Refresh] done in 2365ms @ http://localhost:3000/_next/static/chunks/0rh9_next_dist_02s20-w._.js:1073
[  290996ms] [LOG] [Fast Refresh] rebuilding @ http://localhost:3000/_next/static/chunks/0rh9_next_dist_02s20-w._.js:1073
[  293178ms] [LOG] [Fast Refresh] done in 2287ms @ http://localhost:3000/_next/static/chunks/0rh9_next_dist_02s20-w._.js:1073
[  293351ms] [LOG] [Fast Refresh] rebuilding @ http://localhost:3000/_next/static/chunks/0rh9_next_dist_02s20-w._.js:1073
[  293850ms] [LOG] [Fast Refresh] done in 604ms @ http://localhost:3000/_next/static/chunks/0rh9_next_dist_02s20-w._.js:1073
[  317579ms] [LOG] [Fast Refresh] rebuilding @ http://localhost:3000/_next/static/chunks/0rh9_next_dist_02s20-w._.js:1073
[  317634ms] [LOG] [Fast Refresh] done in 157ms @ http://localhost:3000/_next/static/chunks/0rh9_next_dist_02s20-w._.js:1073
[  330516ms] [LOG] [Fast Refresh] rebuilding @ http://localhost:3000/_next/static/chunks/0rh9_next_dist_02s20-w._.js:1073
[  330543ms] [LOG] [Fast Refresh] done in 137ms @ http://localhost:3000/_next/static/chunks/0rh9_next_dist_02s20-w._.js:1073
[  330780ms] [LOG] [Fast Refresh] rebuilding @ http://localhost:3000/_next/static/chunks/0rh9_next_dist_02s20-w._.js:1073
[  330802ms] [LOG] [Fast Refresh] done in 132ms @ http://localhost:3000/_next/static/chunks/0rh9_next_dist_02s20-w._.js:1073
[  376720ms] [LOG] [Fast Refresh] rebuilding @ http://localhost:3000/_next/static/chunks/0rh9_next_dist_02s20-w._.js:1073
[  376740ms] [LOG] [Fast Refresh] done in 132ms @ http://localhost:3000/_next/static/chunks/0rh9_next_dist_02s20-w._.js:1073
[  441965ms] [LOG] [Fast Refresh] rebuilding @ http://localhost:3000/_next/static/chunks/0rh9_next_dist_02s20-w._.js:1073
[  442023ms] [LOG] [Fast Refresh] done in 170ms @ http://localhost:3000/_next/static/chunks/0rh9_next_dist_02s20-w._.js:1073
[  582801ms] [LOG] [Fast Refresh] rebuilding @ http://localhost:3000/_next/static/chunks/0rh9_next_dist_02s20-w._.js:1073
[  582844ms] [LOG] [Fast Refresh] done in 148ms @ http://localhost:3000/_next/static/chunks/0rh9_next_dist_02s20-w._.js:1073
[  587967ms] [LOG] [Fast Refresh] rebuilding @ http://localhost:3000/_next/static/chunks/0rh9_next_dist_02s20-w._.js:1073
[  588379ms] [LOG] [Fast Refresh] done in 517ms @ http://localhost:3000/_next/static/chunks/0rh9_next_dist_02s20-w._.js:1073
[  588544ms] [LOG] [Fast Refresh] rebuilding @ http://localhost:3000/_next/static/chunks/0rh9_next_dist_02s20-w._.js:1073
[  588546ms] [LOG] [Fast Refresh] done in 103ms @ http://localhost:3000/_next/static/chunks/0rh9_next_dist_02s20-w._.js:1073
[  588657ms] [LOG] [Fast Refresh] rebuilding @ http://localhost:3000/_next/static/chunks/0rh9_next_dist_02s20-w._.js:1073
[  588743ms] [LOG] [Fast Refresh] done in 187ms @ http://localhost:3000/_next/static/chunks/0rh9_next_dist_02s20-w._.js:1073
[  592579ms] [LOG] [Fast Refresh] rebuilding @ http://localhost:3000/_next/static/chunks/0rh9_next_dist_02s20-w._.js:1073
[  592622ms] [LOG] [Fast Refresh] done in 110ms @ http://localhost:3000/_next/static/chunks/0rh9_next_dist_02s20-w._.js:1073
[  592835ms] [LOG] [Fast Refresh] rebuilding @ http://localhost:3000/_next/static/chunks/0rh9_next_dist_02s20-w._.js:1073
[  592950ms] [LOG] [Fast Refresh] done in 215ms @ http://localhost:3000/_next/static/chunks/0rh9_next_dist_02s20-w._.js:1073
[  602773ms] [LOG] [Fast Refresh] rebuilding @ http://localhost:3000/_next/static/chunks/0rh9_next_dist_02s20-w._.js:1073
[  603144ms] [LOG] [Fast Refresh] done in 387ms @ http://localhost:3000/_next/static/chunks/0rh9_next_dist_02s20-w._.js:1073
[  603254ms] [LOG] [Fast Refresh] rebuilding @ http://localhost:3000/_next/static/chunks/0rh9_next_dist_02s20-w._.js:1073
[  603316ms] [LOG] [Fast Refresh] done in 163ms @ http://localhost:3000/_next/static/chunks/0rh9_next_dist_02s20-w._.js:1073
[  616212ms] [LOG] [Fast Refresh] rebuilding @ http://localhost:3000/_next/static/chunks/0rh9_next_dist_02s20-w._.js:1073
[  616214ms] [LOG] [Fast Refresh] done in 114ms @ http://localhost:3000/_next/static/chunks/0rh9_next_dist_02s20-w._.js:1073
[  703299ms] [LOG] [Fast Refresh] rebuilding @ http://localhost:3000/_next/static/chunks/0rh9_next_dist_02s20-w._.js:1073
[  703331ms] [LOG] [Fast Refresh] done in 133ms @ http://localhost:3000/_next/static/chunks/0rh9_next_dist_02s20-w._.js:1073
[  865864ms] [LOG] [Fast Refresh] rebuilding @ http://localhost:3000/_next/static/chunks/0rh9_next_dist_02s20-w._.js:1073
[  865884ms] [LOG] [Fast Refresh] done in 122ms @ http://localhost:3000/_next/static/chunks/0rh9_next_dist_02s20-w._.js:1073
[  922933ms] [LOG] [Fast Refresh] rebuilding @ http://localhost:3000/_next/static/chunks/0rh9_next_dist_02s20-w._.js:1073
[  922946ms] [LOG] [Fast Refresh] done in 118ms @ http://localhost:3000/_next/static/chunks/0rh9_next_dist_02s20-w._.js:1073
[ 1113247ms] [LOG] [Fast Refresh] rebuilding @ http://localhost:3000/_next/static/chunks/0rh9_next_dist_02s20-w._.js:1073
[ 1113260ms] [LOG] [Fast Refresh] done in 122ms @ http://localhost:3000/_next/static/chunks/0rh9_next_dist_02s20-w._.js:1073
[ 1211863ms] [LOG] [Fast Refresh] rebuilding @ http://localhost:3000/_next/static/chunks/0rh9_next_dist_02s20-w._.js:1073
[ 1212006ms] [LOG] [Fast Refresh] done in 246ms @ http://localhost:3000/_next/static/chunks/0rh9_next_dist_02s20-w._.js:1073
[ 1219739ms] [LOG] [Fast Refresh] rebuilding @ http://localhost:3000/_next/static/chunks/0rh9_next_dist_02s20-w._.js:1073
[ 1219740ms] [LOG] [Fast Refresh] done in 107ms @ http://localhost:3000/_next/static/chunks/0rh9_next_dist_02s20-w._.js:1073
[ 1572270ms] [LOG] [Fast Refresh] rebuilding @ http://localhost:3000/_next/static/chunks/0rh9_next_dist_02s20-w._.js:1073
[ 1572271ms] [LOG] [Fast Refresh] done in 108ms @ http://localhost:3000/_next/static/chunks/0rh9_next_dist_02s20-w._.js:1073
